<?xml version="1.0" encoding="UTF-8" ?>
<testsuite tests="6" failures="0" name="UserServiceTest" time="1.904" errors="0" skipped="0">
  <properties>
    <property name="idea.version" value="2022.1.3"/>
    <property name="java.runtime.name" value="OpenJDK Runtime Environment"/>
    <property name="java.vm.version" value="18.0.1.1+2-6"/>
    <property name="sun.boot.library.path" value="C:\Users\igors\.jdks\openjdk-18.0.1.1\bin"/>
    <property name="maven.multiModuleProjectDirectory" value="C:\Users\igors\OneDrive\Рабочий стол\Programming\Kata_PP_1.1\PP_1_1_3-4_JDBC_Hibernate"/>
    <property name="java.vm.vendor" value="Oracle Corporation"/>
    <property name="java.vendor.url" value="https://java.oracle.com/"/>
    <property name="guice.disable.misplaced.annotation.check" value="true"/>
    <property name="path.separator" value=";"/>
    <property name="java.vm.name" value="OpenJDK 64-Bit Server VM"/>
    <property name="sun.os.patch.level" value=""/>
    <property name="user.script" value=""/>
    <property name="user.country" value="RU"/>
    <property name="sun.java.launcher" value="SUN_STANDARD"/>
    <property name="java.vm.specification.name" value="Java Virtual Machine Specification"/>
    <property name="user.dir" value="C:\Users\igors\OneDrive\Рабочий стол\Programming\Kata_PP_1.1\PP_1_1_3-4_JDBC_Hibernate"/>
    <property name="java.vm.compressedOopsMode" value="Zero based"/>
    <property name="java.runtime.version" value="18.0.1.1+2-6"/>
    <property name="os.arch" value="amd64"/>
    <property name="java.io.tmpdir" value="C:\Users\igors\AppData\Local\Temp\"/>
    <property name="line.separator" value="
"/>
    <property name="java.vm.specification.vendor" value="Oracle Corporation"/>
    <property name="user.variant" value=""/>
    <property name="os.name" value="Windows 10"/>
    <property name="maven.ext.class.path" value="I:\App\Intellij Idead Ultimate\IntelliJ IDEA 2022.1.3\plugins\maven\lib\maven-event-listener.jar"/>
    <property name="classworlds.conf" value="I:\App\Intellij Idead Ultimate\IntelliJ IDEA 2022.1.3\plugins\maven\lib\maven3\bin\m2.conf"/>
    <property name="sun.jnu.encoding" value="Cp1251"/>
    <property name="java.library.path" value="C:\Users\igors\.jdks\openjdk-18.0.1.1\bin;C:\Windows\Sun\Java\bin;C:\Windows\system32;C:\Windows;C:\Windows\system32;C:\Windows;C:\Windows\System32\Wbem;C:\Windows\System32\WindowsPowerShell\v1.0\;C:\Windows\System32\OpenSSH\;I:\App\Git\Git\cmd;I:\App\SQL\mysql-8.0.29-winx64-debug-test\mysql-8.0.29-winx64\bin;C:\Program Files\MySQL\MySQL Server 5.6.15\bin;C:\Program Files\MySQL\MySQL Shell 8.0\bin\;C:\Users\igors\AppData\Local\Microsoft\WindowsApps;I:\App\IntelliJ Idea\IntelliJ IDEA Community Edition 2022.1.1\bin;;C:\Users\igors\AppData\Local\GitHubDesktop\bin;I:\App\SQL\mysql-8.0.29-winx64-debug-test\mysql-8.0.29-winx64\bin;;I:\App\Intellij Idead Ultimate\IntelliJ IDEA 2022.1.3\bin;;."/>
    <property name="maven.conf" value="I:\App\Intellij Idead Ultimate\IntelliJ IDEA 2022.1.3\plugins\maven\lib\maven3/conf"/>
    <property name="jdk.debug" value="release"/>
    <property name="java.class.version" value="62.0"/>
    <property name="java.specification.name" value="Java Platform API Specification"/>
    <property name="sun.management.compiler" value="HotSpot 64-Bit Tiered Compilers"/>
    <property name="os.version" value="10.0"/>
    <property name="user.home" value="C:\Users\igors"/>
    <property name="user.timezone" value="Europe/Moscow"/>
    <property name="file.encoding" value="windows-1251"/>
    <property name="java.specification.version" value="18"/>
    <property name="user.name" value="igors"/>
    <property name="java.class.path" value="I:\App\Intellij Idead Ultimate\IntelliJ IDEA 2022.1.3\plugins\maven\lib\maven3\boot\plexus-classworlds-2.6.0.jar;I:\App\Intellij Idead Ultimate\IntelliJ IDEA 2022.1.3\plugins\maven\lib\maven3\boot\plexus-classworlds.license"/>
    <property name="java.vm.specification.version" value="18"/>
    <property name="sun.arch.data.model" value="64"/>
    <property name="sun.java.command" value="org.codehaus.classworlds.Launcher -Didea.version=2022.1.3 install"/>
    <property name="java.home" value="C:\Users\igors\.jdks\openjdk-18.0.1.1"/>
    <property name="user.language" value="ru"/>
    <property name="java.specification.vendor" value="Oracle Corporation"/>
    <property name="java.vm.info" value="mixed mode, sharing"/>
    <property name="java.version" value="18.0.1.1"/>
    <property name="native.encoding" value="Cp1251"/>
    <property name="java.vendor" value="Oracle Corporation"/>
    <property name="maven.home" value="I:\App\Intellij Idead Ultimate\IntelliJ IDEA 2022.1.3\plugins\maven\lib\maven3"/>
    <property name="file.separator" value="\"/>
    <property name="java.version.date" value="2022-04-22"/>
    <property name="java.vendor.url.bug" value="https://bugreport.java.com/bugreport/"/>
    <property name="sun.io.unicode.encoding" value="UnicodeLittle"/>
    <property name="sun.cpu.endian" value="little"/>
    <property name="sun.cpu.isalist" value="amd64"/>
  </properties>
  <testcase classname="UserServiceTest" name="saveUser" time="1.69"/>
  <testcase classname="UserServiceTest" name="removeUserById" time="0.066"/>
  <testcase classname="UserServiceTest" name="getAllUsers" time="0.051"/>
  <testcase classname="UserServiceTest" name="dropUsersTable" time="0.01"/>
  <testcase classname="UserServiceTest" name="createUsersTable" time="0.033"/>
  <testcase classname="UserServiceTest" name="cleanUsersTable" time="0.054"/>
</testsuite>